<?xml version="1.0" encoding="UTF-8"?>
<!-- Generated by org.testng.reporters.JUnitXMLReporter -->
<testsuite hostname="DESKTOP-A9S8UE0" ignored="0" name="Default test" tests="4" failures="0" timestamp="11 Jan 2020 00:30:19 GMT" time="114.263" errors="0">
  <testcase name="userLandingPageTitleTest" time="0.031" classname="com.digiCRMTest.autoqa.testcases.UserLandingPageTest"/>
  <testcase name="ContactsLinkTest" time="3.358" classname="com.digiCRMTest.autoqa.testcases.UserLandingPageTest"/>
  <testcase name="dealLinkTest" time="3.127" classname="com.digiCRMTest.autoqa.testcases.UserLandingPageTest"/>
  <testcase name="userNameTest" time="2.937" classname="com.digiCRMTest.autoqa.testcases.UserLandingPageTest"/>
</testsuite> <!-- Default test -->
