<?xml version="1.0" encoding="UTF-8"?>
<!-- Generated by org.testng.reporters.JUnitXMLReporter -->
<testsuite hostname="DESKTOP-A9S8UE0" ignored="0" name="Command line test" tests="11" failures="0" timestamp="11 Jan 2020 00:39:23 GMT" time="265.436" errors="0">
  <testcase name="contactsPageTitleTest" time="0.272" classname="com.digiCRMTest.autoqa.testcases.ContactsPageTest"/>
  <testcase name="LoginButtonTest" time="7.567" classname="com.digiCRMTest.autoqa.testcases.HomePageTest"/>
  <testcase name="homePageTitleTest" time="0.172" classname="com.digiCRMTest.autoqa.testcases.HomePageTest"/>
  <testcase name="loginPageTitleTest" time="0.035" classname="com.digiCRMTest.autoqa.testcases.LoginPageTest"/>
  <testcase name="LoginTest" time="1.268" classname="com.digiCRMTest.autoqa.testcases.LoginPageTest"/>
  <testcase name="resetPasswordTest" time="2.198" classname="com.digiCRMTest.autoqa.testcases.PasswordResetPageTest"/>
  <testcase name="userLandingPageTitleTest" time="0.019" classname="com.digiCRMTest.autoqa.testcases.UserLandingPageTest"/>
  <testcase name="ContactsLinkTest" time="2.295" classname="com.digiCRMTest.autoqa.testcases.UserLandingPageTest"/>
  <testcase name="dealLinkTest" time="2.733" classname="com.digiCRMTest.autoqa.testcases.UserLandingPageTest"/>
  <testcase name="userNameTest" time="1.68" classname="com.digiCRMTest.autoqa.testcases.UserLandingPageTest"/>
  <testcase name="PasswordResetLinkTest" time="2.065" classname="com.digiCRMTest.autoqa.testcases.LoginPageTest"/>
</testsuite> <!-- Command line test -->
