<?xml version="1.0" encoding="UTF-8"?>
<!-- Generated by org.testng.reporters.JUnitXMLReporter -->
<testsuite hostname="DESKTOP-A9S8UE0" ignored="0" name="Free CRM App Test Cases" tests="5" failures="0" timestamp="04 Jan 2020 02:06:18 GMT" time="124.182" errors="0">
  <testcase name="homePageTitleTest" time="0.688" classname="com.digiCRMTest.autoqa.testcases.HomePageTest"/>
  <testcase name="loginPageTitleTest" time="0.024" classname="com.digiCRMTest.autoqa.testcases.LoginPageTest"/>
  <testcase name="LoginButtonTest" time="6.573" classname="com.digiCRMTest.autoqa.testcases.HomePageTest"/>
  <testcase name="LoginTest" time="3.827" classname="com.digiCRMTest.autoqa.testcases.LoginPageTest"/>
  <testcase name="PasswordResetLinkTest" time="2.108" classname="com.digiCRMTest.autoqa.testcases.LoginPageTest"/>
</testsuite> <!-- Free CRM App Test Cases -->
