<?xml version="1.0" encoding="UTF-8"?>
<testng-results skipped="0" failed="0" ignored="0" total="11" passed="11">
  <reporter-output>
    <line>
      <![CDATA[Contacts Page Header:Contacts]]>
    </line>
    <line>
      <![CDATA[Actual Title:Cogmento CRM]]>
    </line>
    <line>
      <![CDATA[Thank you. If this account is registered you will receive an email with a password reset link.]]>
    </line>
    <line>
      <![CDATA[Deals Page Header: Deals]]>
    </line>
    <line>
      <![CDATA[User Name Displayednaren gundimeda]]>
    </line>
  </reporter-output>
  <suite name="Command line suite" duration-ms="265436" started-at="2020-01-11T00:34:58Z" finished-at="2020-01-11T00:39:23Z">
    <groups>
    </groups>
    <test name="Command line test" duration-ms="265436" started-at="2020-01-11T00:34:58Z" finished-at="2020-01-11T00:39:23Z">
      <class name="com.digiCRMTest.autoqa.testcases.LoginPageTest">
        <test-method status="PASS" signature="setUp()[pri:0, instance:com.digiCRMTest.autoqa.testcases.LoginPageTest@6be46e8f]" name="setUp" is-config="true" duration-ms="24698" started-at="2020-01-11T00:36:11Z" finished-at="2020-01-11T00:36:36Z">
          <reporter-output>
          </reporter-output>
        </test-method> <!-- setUp -->
        <test-method status="PASS" signature="loginPageTitleTest()[pri:0, instance:com.digiCRMTest.autoqa.testcases.LoginPageTest@6be46e8f]" name="loginPageTitleTest" duration-ms="35" started-at="2020-01-11T00:36:36Z" finished-at="2020-01-11T00:36:36Z">
          <reporter-output>
          </reporter-output>
        </test-method> <!-- loginPageTitleTest -->
        <test-method status="PASS" signature="tearDown()[pri:0, instance:com.digiCRMTest.autoqa.testcases.LoginPageTest@6be46e8f]" name="tearDown" is-config="true" duration-ms="1073" started-at="2020-01-11T00:36:36Z" finished-at="2020-01-11T00:36:37Z">
          <reporter-output>
          </reporter-output>
        </test-method> <!-- tearDown -->
        <test-method status="PASS" signature="setUp()[pri:0, instance:com.digiCRMTest.autoqa.testcases.LoginPageTest@6be46e8f]" name="setUp" is-config="true" duration-ms="20655" started-at="2020-01-11T00:36:37Z" finished-at="2020-01-11T00:36:57Z">
          <reporter-output>
          </reporter-output>
        </test-method> <!-- setUp -->
        <test-method status="PASS" signature="LoginTest()[pri:0, instance:com.digiCRMTest.autoqa.testcases.LoginPageTest@6be46e8f]" name="LoginTest" duration-ms="1268" started-at="2020-01-11T00:36:57Z" depends-on-methods="com.digiCRMTest.autoqa.testcases.LoginPageTest.loginPageTitleTest" finished-at="2020-01-11T00:36:59Z">
          <reporter-output>
            <line>
              <![CDATA[Actual Title:Cogmento CRM]]>
            </line>
          </reporter-output>
        </test-method> <!-- LoginTest -->
        <test-method status="PASS" signature="tearDown()[pri:0, instance:com.digiCRMTest.autoqa.testcases.LoginPageTest@6be46e8f]" name="tearDown" is-config="true" duration-ms="862" started-at="2020-01-11T00:36:59Z" finished-at="2020-01-11T00:37:00Z">
          <reporter-output>
          </reporter-output>
        </test-method> <!-- tearDown -->
        <test-method status="PASS" signature="setUp()[pri:0, instance:com.digiCRMTest.autoqa.testcases.LoginPageTest@6be46e8f]" name="setUp" is-config="true" duration-ms="19230" started-at="2020-01-11T00:39:01Z" finished-at="2020-01-11T00:39:20Z">
          <reporter-output>
          </reporter-output>
        </test-method> <!-- setUp -->
        <test-method status="PASS" signature="PasswordResetLinkTest()[pri:3, instance:com.digiCRMTest.autoqa.testcases.LoginPageTest@6be46e8f]" name="PasswordResetLinkTest" duration-ms="2065" started-at="2020-01-11T00:39:20Z" finished-at="2020-01-11T00:39:23Z">
          <reporter-output>
          </reporter-output>
        </test-method> <!-- PasswordResetLinkTest -->
        <test-method status="PASS" signature="tearDown()[pri:0, instance:com.digiCRMTest.autoqa.testcases.LoginPageTest@6be46e8f]" name="tearDown" is-config="true" duration-ms="755" started-at="2020-01-11T00:39:23Z" finished-at="2020-01-11T00:39:23Z">
          <reporter-output>
          </reporter-output>
        </test-method> <!-- tearDown -->
      </class> <!-- com.digiCRMTest.autoqa.testcases.LoginPageTest -->
      <class name="com.digiCRMTest.autoqa.testcases.ContactsPageTest">
        <test-method status="PASS" signature="setUp()[pri:0, instance:com.digiCRMTest.autoqa.testcases.ContactsPageTest@2d554825]" name="setUp" is-config="true" duration-ms="32515" started-at="2020-01-11T00:34:58Z" finished-at="2020-01-11T00:35:30Z">
          <reporter-output>
          </reporter-output>
        </test-method> <!-- setUp -->
        <test-method status="PASS" signature="contactsPageTitleTest()[pri:0, instance:com.digiCRMTest.autoqa.testcases.ContactsPageTest@2d554825]" name="contactsPageTitleTest" duration-ms="272" started-at="2020-01-11T00:35:30Z" finished-at="2020-01-11T00:35:31Z">
          <reporter-output>
            <line>
              <![CDATA[Contacts Page Header:Contacts]]>
            </line>
          </reporter-output>
        </test-method> <!-- contactsPageTitleTest -->
        <test-method status="PASS" signature="tearDown()[pri:0, instance:com.digiCRMTest.autoqa.testcases.ContactsPageTest@2d554825]" name="tearDown" is-config="true" duration-ms="916" started-at="2020-01-11T00:35:31Z" finished-at="2020-01-11T00:35:32Z">
          <reporter-output>
          </reporter-output>
        </test-method> <!-- tearDown -->
      </class> <!-- com.digiCRMTest.autoqa.testcases.ContactsPageTest -->
      <class name="com.digiCRMTest.autoqa.testcases.HomePageTest">
        <test-method status="PASS" signature="SetUp()[pri:0, instance:com.digiCRMTest.autoqa.testcases.HomePageTest@68837a77]" name="SetUp" is-config="true" duration-ms="15193" started-at="2020-01-11T00:35:32Z" finished-at="2020-01-11T00:35:47Z">
          <reporter-output>
          </reporter-output>
        </test-method> <!-- SetUp -->
        <test-method status="PASS" signature="LoginButtonTest()[pri:0, instance:com.digiCRMTest.autoqa.testcases.HomePageTest@68837a77]" name="LoginButtonTest" duration-ms="7567" started-at="2020-01-11T00:35:47Z" finished-at="2020-01-11T00:35:54Z">
          <reporter-output>
          </reporter-output>
        </test-method> <!-- LoginButtonTest -->
        <test-method status="PASS" signature="tearDown()[pri:0, instance:com.digiCRMTest.autoqa.testcases.HomePageTest@68837a77]" name="tearDown" is-config="true" duration-ms="891" started-at="2020-01-11T00:35:54Z" finished-at="2020-01-11T00:35:55Z">
          <reporter-output>
          </reporter-output>
        </test-method> <!-- tearDown -->
        <test-method status="PASS" signature="SetUp()[pri:0, instance:com.digiCRMTest.autoqa.testcases.HomePageTest@68837a77]" name="SetUp" is-config="true" duration-ms="14519" started-at="2020-01-11T00:35:55Z" finished-at="2020-01-11T00:36:10Z">
          <reporter-output>
          </reporter-output>
        </test-method> <!-- SetUp -->
        <test-method status="PASS" signature="homePageTitleTest()[pri:0, instance:com.digiCRMTest.autoqa.testcases.HomePageTest@68837a77]" name="homePageTitleTest" duration-ms="172" started-at="2020-01-11T00:36:10Z" finished-at="2020-01-11T00:36:10Z">
          <reporter-output>
          </reporter-output>
        </test-method> <!-- homePageTitleTest -->
        <test-method status="PASS" signature="tearDown()[pri:0, instance:com.digiCRMTest.autoqa.testcases.HomePageTest@68837a77]" name="tearDown" is-config="true" duration-ms="1012" started-at="2020-01-11T00:36:10Z" finished-at="2020-01-11T00:36:11Z">
          <reporter-output>
          </reporter-output>
        </test-method> <!-- tearDown -->
      </class> <!-- com.digiCRMTest.autoqa.testcases.HomePageTest -->
      <class name="com.digiCRMTest.autoqa.testcases.PasswordResetPageTest">
        <test-method status="PASS" signature="SetUp()[pri:0, instance:com.digiCRMTest.autoqa.testcases.PasswordResetPageTest@3567135c]" name="SetUp" is-config="true" duration-ms="21580" started-at="2020-01-11T00:37:00Z" finished-at="2020-01-11T00:37:21Z">
          <reporter-output>
          </reporter-output>
        </test-method> <!-- SetUp -->
        <test-method status="PASS" signature="resetPasswordTest()[pri:0, instance:com.digiCRMTest.autoqa.testcases.PasswordResetPageTest@3567135c]" name="resetPasswordTest" duration-ms="2198" started-at="2020-01-11T00:37:21Z" finished-at="2020-01-11T00:37:23Z">
          <reporter-output>
            <line>
              <![CDATA[Thank you. If this account is registered you will receive an email with a password reset link.]]>
            </line>
          </reporter-output>
        </test-method> <!-- resetPasswordTest -->
        <test-method status="PASS" signature="tearDown()[pri:0, instance:com.digiCRMTest.autoqa.testcases.PasswordResetPageTest@3567135c]" name="tearDown" is-config="true" duration-ms="949" started-at="2020-01-11T00:37:23Z" finished-at="2020-01-11T00:37:24Z">
          <reporter-output>
          </reporter-output>
        </test-method> <!-- tearDown -->
      </class> <!-- com.digiCRMTest.autoqa.testcases.PasswordResetPageTest -->
      <class name="com.digiCRMTest.autoqa.testcases.UserLandingPageTest">
        <test-method status="PASS" signature="setUp()[pri:0, instance:com.digiCRMTest.autoqa.testcases.UserLandingPageTest@327471b5]" name="setUp" is-config="true" duration-ms="23531" started-at="2020-01-11T00:37:24Z" finished-at="2020-01-11T00:37:48Z">
          <reporter-output>
          </reporter-output>
        </test-method> <!-- setUp -->
        <test-method status="PASS" signature="userLandingPageTitleTest()[pri:0, instance:com.digiCRMTest.autoqa.testcases.UserLandingPageTest@327471b5]" name="userLandingPageTitleTest" duration-ms="19" started-at="2020-01-11T00:37:48Z" finished-at="2020-01-11T00:37:48Z">
          <reporter-output>
          </reporter-output>
        </test-method> <!-- userLandingPageTitleTest -->
        <test-method status="PASS" signature="tearDown()[pri:0, instance:com.digiCRMTest.autoqa.testcases.UserLandingPageTest@327471b5]" name="tearDown" is-config="true" duration-ms="1022" started-at="2020-01-11T00:37:48Z" finished-at="2020-01-11T00:37:49Z">
          <reporter-output>
          </reporter-output>
        </test-method> <!-- tearDown -->
        <test-method status="PASS" signature="setUp()[pri:0, instance:com.digiCRMTest.autoqa.testcases.UserLandingPageTest@327471b5]" name="setUp" is-config="true" duration-ms="19969" started-at="2020-01-11T00:37:49Z" finished-at="2020-01-11T00:38:09Z">
          <reporter-output>
          </reporter-output>
        </test-method> <!-- setUp -->
        <test-method status="PASS" signature="ContactsLinkTest()[pri:0, instance:com.digiCRMTest.autoqa.testcases.UserLandingPageTest@327471b5]" name="ContactsLinkTest" duration-ms="2295" started-at="2020-01-11T00:38:09Z" depends-on-methods="com.digiCRMTest.autoqa.testcases.UserLandingPageTest.userLandingPageTitleTest" finished-at="2020-01-11T00:38:11Z">
          <reporter-output>
          </reporter-output>
        </test-method> <!-- ContactsLinkTest -->
        <test-method status="PASS" signature="tearDown()[pri:0, instance:com.digiCRMTest.autoqa.testcases.UserLandingPageTest@327471b5]" name="tearDown" is-config="true" duration-ms="1500" started-at="2020-01-11T00:38:11Z" finished-at="2020-01-11T00:38:13Z">
          <reporter-output>
          </reporter-output>
        </test-method> <!-- tearDown -->
        <test-method status="PASS" signature="setUp()[pri:0, instance:com.digiCRMTest.autoqa.testcases.UserLandingPageTest@327471b5]" name="setUp" is-config="true" duration-ms="21060" started-at="2020-01-11T00:38:13Z" finished-at="2020-01-11T00:38:34Z">
          <reporter-output>
          </reporter-output>
        </test-method> <!-- setUp -->
        <test-method status="PASS" signature="dealLinkTest()[pri:0, instance:com.digiCRMTest.autoqa.testcases.UserLandingPageTest@327471b5]" name="dealLinkTest" duration-ms="2733" started-at="2020-01-11T00:38:34Z" depends-on-methods="com.digiCRMTest.autoqa.testcases.UserLandingPageTest.userLandingPageTitleTest" finished-at="2020-01-11T00:38:36Z">
          <reporter-output>
            <line>
              <![CDATA[Deals Page Header: Deals]]>
            </line>
          </reporter-output>
        </test-method> <!-- dealLinkTest -->
        <test-method status="PASS" signature="tearDown()[pri:0, instance:com.digiCRMTest.autoqa.testcases.UserLandingPageTest@327471b5]" name="tearDown" is-config="true" duration-ms="1755" started-at="2020-01-11T00:38:36Z" finished-at="2020-01-11T00:38:38Z">
          <reporter-output>
          </reporter-output>
        </test-method> <!-- tearDown -->
        <test-method status="PASS" signature="setUp()[pri:0, instance:com.digiCRMTest.autoqa.testcases.UserLandingPageTest@327471b5]" name="setUp" is-config="true" duration-ms="20087" started-at="2020-01-11T00:38:38Z" finished-at="2020-01-11T00:38:58Z">
          <reporter-output>
          </reporter-output>
        </test-method> <!-- setUp -->
        <test-method status="PASS" signature="userNameTest()[pri:0, instance:com.digiCRMTest.autoqa.testcases.UserLandingPageTest@327471b5]" name="userNameTest" duration-ms="1680" started-at="2020-01-11T00:38:58Z" depends-on-methods="com.digiCRMTest.autoqa.testcases.UserLandingPageTest.userLandingPageTitleTest" finished-at="2020-01-11T00:39:00Z">
          <reporter-output>
            <line>
              <![CDATA[User Name Displayednaren gundimeda]]>
            </line>
          </reporter-output>
        </test-method> <!-- userNameTest -->
        <test-method status="PASS" signature="tearDown()[pri:0, instance:com.digiCRMTest.autoqa.testcases.UserLandingPageTest@327471b5]" name="tearDown" is-config="true" duration-ms="1277" started-at="2020-01-11T00:39:00Z" finished-at="2020-01-11T00:39:01Z">
          <reporter-output>
          </reporter-output>
        </test-method> <!-- tearDown -->
      </class> <!-- com.digiCRMTest.autoqa.testcases.UserLandingPageTest -->
    </test> <!-- Command line test -->
  </suite> <!-- Command line suite -->
</testng-results>
